[2017-03-30 17:00:00] Laboration 1.INFO: Hello niclas! hejhejehj [] []
[2017-04-06 13:56:48] Laboration 1.INFO: Hello ! hejhejehj [] []
[2017-04-06 13:57:36] Laboration 1.INFO: Hello ! hejhejehj [] []
[2017-04-06 13:58:24] Laboration 1.INFO: Hello ! hejhejehj [] []
[2017-04-06 13:59:56] Laboration 1.INFO: Hello ! hejhejehj [] []
[2017-04-06 14:01:39] Laboration 1.INFO:  [] []
[2017-04-06 14:15:08] Laboration 1.INFO:  [] []
[2017-04-06 14:18:48] Laboration 1.INFO:  [] []
[2017-04-06 14:55:52] Laboration 1.INFO:  [] []
[2017-04-06 14:55:53] Laboration 1.INFO:  [] []
[2017-04-06 14:57:49] Laboration 1.INFO:  [] []
[2017-04-06 15:00:12] Laboration 1.INFO:  [] []
[2017-04-06 15:06:45] Laboration 1.INFO:  [] []
[2017-04-06 15:11:39] Laboration 1.INFO:  [] []
[2017-04-06 15:12:26] Laboration 1.INFO:  [] []
[2017-04-06 15:18:15] Laboration 1.INFO:  [] []
[2017-04-06 15:22:16] Laboration 1.INFO:  [] []
[2017-04-06 15:23:16] Laboration 1.INFO:  [] []
[2017-04-06 15:23:21] Laboration 1.INFO:  [] []
[2017-04-06 15:23:52] Laboration 1.INFO:  [] []
[2017-04-06 15:42:03] Laboration 1.INFO:  [] []
[2017-04-06 15:47:26] Laboration 1.INFO:  [] []
[2017-04-06 15:51:51] Laboration 1.INFO:  [] []
[2017-04-06 15:52:35] Laboration 1.INFO:  [] []
[2017-04-06 15:52:59] Laboration 1.INFO:  [] []
[2017-04-06 15:52:59] Laboration 1.INFO:  [] []
[2017-04-06 15:53:35] Laboration 1.INFO:  [] []
[2017-04-06 15:53:35] Laboration 1.INFO:  [] []
[2017-04-06 15:53:37] Laboration 1.INFO:  [] []
[2017-04-06 15:53:37] Laboration 1.INFO:  [] []
[2017-04-06 15:53:45] Laboration 1.INFO:  [] []
[2017-04-06 15:53:45] Laboration 1.INFO:  [] []
[2017-04-06 15:53:47] Laboration 1.INFO:  [] []
[2017-04-06 15:53:47] Laboration 1.INFO:  [] []
[2017-04-06 15:53:57] Laboration 1.INFO:  [] []
[2017-04-06 15:53:58] Laboration 1.INFO:  [] []
[2017-04-06 15:54:43] Laboration 1.INFO:  [] []
[2017-04-06 15:54:43] Laboration 1.INFO:  [] []
[2017-04-06 15:54:57] Laboration 1.INFO:  [] []
[2017-04-06 15:54:57] Laboration 1.INFO:  [] []
[2017-04-06 15:55:14] Laboration 1.INFO:  [] []
[2017-04-06 15:55:14] Laboration 1.INFO:  [] []
[2017-04-06 15:56:47] Laboration 1.INFO:  [] []
[2017-04-06 15:56:47] Laboration 1.INFO:  [] []
[2017-04-06 15:58:52] Laboration 1.INFO:  [] []
[2017-04-06 15:58:52] Laboration 1.INFO:  [] []
[2017-04-06 16:00:06] Laboration 1.INFO:  [] []
[2017-04-06 16:00:06] Laboration 1.INFO:  [] []
[2017-04-06 16:00:49] Laboration 1.INFO:  [] []
[2017-04-06 16:00:49] Laboration 1.INFO:  [] []
[2017-04-06 16:00:51] Laboration 1.INFO:  [] []
[2017-04-06 16:00:51] Laboration 1.INFO:  [] []
[2017-04-06 16:03:51] Laboration 1.INFO:  [] []
[2017-04-06 16:03:52] Laboration 1.INFO:  [] []
[2017-04-06 16:04:21] Laboration 1.INFO:  [] []
[2017-04-06 16:04:21] Laboration 1.INFO:  [] []
[2017-04-06 16:06:33] Laboration 1.INFO:  [] []
[2017-04-06 16:06:35] Laboration 1.INFO:  [] []
[2017-04-06 16:08:57] Laboration 1.INFO:  [] []
[2017-04-06 16:09:04] Laboration 1.INFO:  [] []
[2017-04-06 16:25:43] Laboration 1.INFO:  [] []
[2017-04-06 16:29:58] Laboration 1.INFO:  [] []
[2017-04-06 16:31:05] Laboration 1.INFO:  [] []
[2017-04-06 16:32:43] Laboration 1.INFO:  [] []
[2017-04-06 16:32:45] Laboration 1.INFO:  [] []
[2017-04-06 16:33:10] Laboration 1.INFO:  [] []
[2017-04-06 16:33:28] Laboration 1.INFO:  [] []
[2017-04-06 16:45:08] Laboration 1.INFO:  [] []
[2017-04-06 16:45:09] Laboration 1.INFO:  [] []
[2017-04-06 16:46:29] Laboration 1.INFO:  [] []
[2017-04-06 17:05:18] Laboration 1.INFO:  [] []
[2017-04-06 17:16:36] Laboration 1.INFO:  [] []
[2017-04-06 17:29:27] Laboration 1.INFO:  [] []
[2017-04-06 17:29:29] Laboration 1.INFO:  [] []
[2017-04-06 17:29:34] Laboration 1.INFO:  [] []
[2017-04-06 17:29:38] Laboration 1.INFO:  [] []
[2017-04-06 17:30:36] Laboration 1.INFO:  [] []
[2017-04-06 17:30:38] Laboration 1.INFO:  [] []
[2017-04-09 16:26:16] Laboration 1.INFO:  [] []
[2017-04-09 17:10:24] Laboration 1.INFO: Unicorns LOG: Request info about: all unicorns [] []
[2017-04-09 17:10:31] Laboration 1.INFO: Unicorns LOG: Request info about: Nordsvensk travhörning [] []
[2017-04-09 17:10:34] Laboration 1.INFO: Unicorns LOG: Request info about: all unicorns [] []
[2017-04-09 17:13:05] Laboration 1.INFO: Unicorns LOG: Request info about: all unicorns [] []
[2017-04-09 17:14:26] Laboration 1.INFO: Unicorns LOG: Request info about: all unicorns [] []
[2017-04-09 17:14:30] Laboration 1.INFO: Unicorns LOG: Request info about: Karibisk strandponny [] []
[2017-04-09 17:14:35] Laboration 1.INFO: Unicorns LOG: Request info about: all unicorns [] []
[2017-04-09 17:14:37] Laboration 1.INFO: Unicorns LOG: Request info about: Nordsvensk travhörning [] []
[2017-04-09 17:16:34] Laboration 1.INFO: Unicorns LOG: Request info about: all unicorns [] []
[2017-04-09 17:17:03] Laboration 1.INFO: Unicorns LOG: Request info about: Nordsvensk travhörning [] []
[2017-04-09 17:19:10] Laboration 1.INFO: Unicorns LOG: Request info about: Nordsvensk travhörning [] []
[2017-04-09 17:19:12] Laboration 1.INFO: Unicorns LOG: Request info about: all unicorns [] []
[2017-04-09 17:19:16] Laboration 1.INFO: Unicorns LOG: Request info about: all unicorns [] []
